# JRE version: OpenJDK Runtime Environment JBR-11.0.8.10-944.31-jcef (11.0.8+10) (build 11.0.8+10-b944.31)
# Java VM: OpenJDK 64-Bit Server VM JBR-11.0.8.10-944.31-jcef (11.0.8+10-b944.31, mixed mode, tiered, compressed oops, g1 gc, windows-amd64)
Heap:
 garbage-first heap   total 1067008K, used 156672K [0x0000000741a00000, 0x0000000800000000)
  region size 1024K, 3 young (3072K), 3 survivors (3072K)
 Metaspace       used 7712K, capacity 7810K, committed 7936K, reserved 1056768K
  class space    used 681K, capacity 707K, committed 768K, reserved 1048576K
GC Heap History (17 events):
Event: 0.459 GC heap before
{Heap before GC invocations=0 (full 0):
 garbage-first heap   total 196608K, used 16384K [0x0000000741a00000, 0x0000000800000000)
  region size 1024K, 14 young (14336K), 0 survivors (0K)
 Metaspace       used 6637K, capacity 6723K, committed 6784K, reserved 1056768K
  class space    used 582K, capacity 602K, committed 640K, reserved 1048576K
}
Event: 0.475 GC heap after
{Heap after GC invocations=1 (full 0):
 garbage-first heap   total 196608K, used 14044K [0x0000000741a00000, 0x0000000800000000)
  region size 1024K, 2 young (2048K), 2 survivors (2048K)
 Metaspace       used 6637K, capacity 6723K, committed 6784K, reserved 1056768K
  class space    used 582K, capacity 602K, committed 640K, reserved 1048576K
}
Event: 0.497 GC heap before
{Heap before GC invocations=1 (full 0):
 garbage-first heap   total 196608K, used 23260K [0x0000000741a00000, 0x0000000800000000)
  region size 1024K, 9 young (9216K), 2 survivors (2048K)
 Metaspace       used 6668K, capacity 6723K, committed 6784K, reserved 1056768K
  class space    used 582K, capacity 602K, committed 640K, reserved 1048576K
}
Event: 0.508 GC heap after
{Heap after GC invocations=2 (full 0):
 garbage-first heap   total 196608K, used 24531K [0x0000000741a00000, 0x0000000800000000)
  region size 1024K, 2 young (2048K), 2 survivors (2048K)
 Metaspace       used 6668K, capacity 6723K, committed 6784K, reserved 1056768K
  class space    used 582K, capacity 602K, committed 640K, reserved 1048576K
}
Event: 0.540 GC heap before
{Heap before GC invocations=2 (full 0):
 garbage-first heap   total 196608K, used 39891K [0x0000000741a00000, 0x0000000800000000)
  region size 1024K, 14 young (14336K), 2 survivors (2048K)
 Metaspace       used 6668K, capacity 6723K, committed 6784K, reserved 1056768K
  class space    used 582K, capacity 602K, committed 640K, reserved 1048576K
}
Event: 0.556 GC heap after
{Heap after GC invocations=3 (full 0):
 garbage-first heap   total 196608K, used 40321K [0x0000000741a00000, 0x0000000800000000)
  region size 1024K, 2 young (2048K), 2 survivors (2048K)
 Metaspace       used 6668K, capacity 6723K, committed 6784K, reserved 1056768K
  class space    used 582K, capacity 602K, committed 640K, reserved 1048576K
}
Event: 0.613 GC heap before
{Heap before GC invocations=3 (full 0):
 garbage-first heap   total 196608K, used 64897K [0x0000000741a00000, 0x0000000800000000)
  region size 1024K, 22 young (22528K), 2 survivors (2048K)
 Metaspace       used 6668K, capacity 6723K, committed 6784K, reserved 1056768K
  class space    used 582K, capacity 602K, committed 640K, reserved 1048576K
}
Event: 0.640 GC heap after
{Heap after GC invocations=4 (full 0):
 garbage-first heap   total 196608K, used 65536K [0x0000000741a00000, 0x0000000800000000)
  region size 1024K, 3 young (3072K), 3 survivors (3072K)
 Metaspace       used 6668K, capacity 6723K, committed 6784K, reserved 1056768K
  class space    used 582K, capacity 602K, committed 640K, reserved 1048576K
}
Event: 0.837 GC heap before
{Heap before GC invocations=4 (full 0):
 garbage-first heap   total 196608K, used 94208K [0x0000000741a00000, 0x0000000800000000)
  region size 1024K, 26 young (26624K), 3 survivors (3072K)
 Metaspace       used 6717K, capacity 6857K, committed 7040K, reserved 1056768K
  class space    used 586K, capacity 604K, committed 640K, reserved 1048576K
}
Event: 0.870 GC heap after
{Heap after GC invocations=5 (full 0):
 garbage-first heap   total 393216K, used 90624K [0x0000000741a00000, 0x0000000800000000)
  region size 1024K, 4 young (4096K), 4 survivors (4096K)
 Metaspace       used 6717K, capacity 6857K, committed 7040K, reserved 1056768K
  class space    used 586K, capacity 604K, committed 640K, reserved 1048576K
}
Event: 1.072 GC heap before
{Heap before GC invocations=5 (full 0):
 garbage-first heap   total 393216K, used 112128K [0x0000000741a00000, 0x0000000800000000)
  region size 1024K, 24 young (24576K), 4 survivors (4096K)
 Metaspace       used 7708K, capacity 7810K, committed 7936K, reserved 1056768K
  class space    used 681K, capacity 707K, committed 768K, reserved 1048576K
}
Event: 1.100 GC heap after
{Heap after GC invocations=6 (full 0):
 garbage-first heap   total 393216K, used 102912K [0x0000000741a00000, 0x0000000800000000)
  region size 1024K, 3 young (3072K), 3 survivors (3072K)
 Metaspace       used 7708K, capacity 7810K, committed 7936K, reserved 1056768K
  class space    used 681K, capacity 707K, committed 768K, reserved 1048576K
}
Event: 1.244 GC heap before
{Heap before GC invocations=6 (full 0):
 garbage-first heap   total 393216K, used 139776K [0x0000000741a00000, 0x0000000800000000)
  region size 1024K, 37 young (37888K), 3 survivors (3072K)
 Metaspace       used 7712K, capacity 7810K, committed 7936K, reserved 1056768K
  class space    used 681K, capacity 707K, committed 768K, reserved 1048576K
}
Event: 1.290 GC heap after
{Heap after GC invocations=7 (full 0):
 garbage-first heap   total 393216K, used 125952K [0x0000000741a00000, 0x0000000800000000)
  region size 1024K, 5 young (5120K), 5 survivors (5120K)
 Metaspace       used 7712K, capacity 7810K, committed 7936K, reserved 1056768K
  class space    used 681K, capacity 707K, committed 768K, reserved 1048576K
}
Event: 1.411 GC heap before
{Heap before GC invocations=7 (full 0):
 garbage-first heap   total 393216K, used 157696K [0x0000000741a00000, 0x0000000800000000)
  region size 1024K, 32 young (32768K), 5 survivors (5120K)
 Metaspace       used 7712K, capacity 7810K, committed 7936K, reserved 1056768K
  class space    used 681K, capacity 707K, committed 768K, reserved 1048576K
}
Event: 1.455 GC heap after
{Heap after GC invocations=8 (full 0):
 garbage-first heap   total 393216K, used 146432K [0x0000000741a00000, 0x0000000800000000)
  region size 1024K, 4 young (4096K), 4 survivors (4096K)
 Metaspace       used 7712K, capacity 7810K, committed 7936K, reserved 1056768K
  class space    used 681K, capacity 707K, committed 768K, reserved 1048576K
}
Event: 1.487 GC heap before
{Heap before GC invocations=8 (full 0):
 garbage-first heap   total 393216K, used 161792K [0x0000000741a00000, 0x0000000800000000)
  region size 1024K, 19 young (19456K), 4 survivors (4096K)
 Metaspace       used 7712K, capacity 7810K, committed 7936K, reserved 1056768K
  class space    used 681K, capacity 707K, committed 768K, reserved 1048576K
}

