# JRE version: OpenJDK Runtime Environment JBR-11.0.8.10-944.31-jcef (11.0.8+10) (build 11.0.8+10-b944.31)
# Java VM: OpenJDK 64-Bit Server VM JBR-11.0.8.10-944.31-jcef (11.0.8+10-b944.31, mixed mode, tiered, compressed oops, g1 gc, windows-amd64)
Heap:
 garbage-first heap   total 262144K, used 107811K [0x00000000e0000000, 0x0000000100000000)
  region size 1024K, 80 young (81920K), 20 survivors (20480K)
 Metaspace       used 40243K, capacity 41185K, committed 41292K, reserved 290816K
  class space    used 5106K, capacity 5437K, committed 5452K, reserved 253952K
GC Heap History (16 events):
Event: 0.613 GC heap before
{Heap before GC invocations=0 (full 0):
 garbage-first heap   total 262144K, used 19456K [0x00000000e0000000, 0x0000000100000000)
  region size 1024K, 14 young (14336K), 0 survivors (0K)
 Metaspace       used 7660K, capacity 7793K, committed 7936K, reserved 262144K
  class space    used 715K, capacity 749K, committed 768K, reserved 253952K
}
Event: 0.618 GC heap after
{Heap after GC invocations=1 (full 0):
 garbage-first heap   total 262144K, used 7620K [0x00000000e0000000, 0x0000000100000000)
  region size 1024K, 2 young (2048K), 2 survivors (2048K)
 Metaspace       used 7660K, capacity 7793K, committed 7936K, reserved 262144K
  class space    used 715K, capacity 749K, committed 768K, reserved 253952K
}
Event: 0.909 GC heap before
{Heap before GC invocations=1 (full 0):
 garbage-first heap   total 262144K, used 18884K [0x00000000e0000000, 0x0000000100000000)
  region size 1024K, 13 young (13312K), 2 survivors (2048K)
 Metaspace       used 10798K, capacity 11002K, committed 11264K, reserved 264192K
  class space    used 1142K, capacity 1203K, committed 1280K, reserved 253952K
}
Event: 0.912 GC heap after
{Heap after GC invocations=2 (full 0):
 garbage-first heap   total 262144K, used 8690K [0x00000000e0000000, 0x0000000100000000)
  region size 1024K, 1 young (1024K), 1 survivors (1024K)
 Metaspace       used 10798K, capacity 11002K, committed 11264K, reserved 264192K
  class space    used 1142K, capacity 1203K, committed 1280K, reserved 253952K
}
Event: 1.261 GC heap before
{Heap before GC invocations=2 (full 0):
 garbage-first heap   total 262144K, used 36338K [0x00000000e0000000, 0x0000000100000000)
  region size 1024K, 29 young (29696K), 1 survivors (1024K)
 Metaspace       used 10967K, capacity 11130K, committed 11264K, reserved 264192K
  class space    used 1144K, capacity 1203K, committed 1280K, reserved 253952K
}
Event: 1.264 GC heap after
{Heap after GC invocations=3 (full 0):
 garbage-first heap   total 262144K, used 13370K [0x00000000e0000000, 0x0000000100000000)
  region size 1024K, 4 young (4096K), 4 survivors (4096K)
 Metaspace       used 10967K, capacity 11130K, committed 11264K, reserved 264192K
  class space    used 1144K, capacity 1203K, committed 1280K, reserved 253952K
}
Event: 2.575 GC heap before
{Heap before GC invocations=3 (full 0):
 garbage-first heap   total 262144K, used 54330K [0x00000000e0000000, 0x0000000100000000)
  region size 1024K, 44 young (45056K), 4 survivors (4096K)
 Metaspace       used 18695K, capacity 19123K, committed 19328K, reserved 272384K
  class space    used 2253K, capacity 2380K, committed 2432K, reserved 253952K
}
Event: 2.582 GC heap after
{Heap after GC invocations=4 (full 0):
 garbage-first heap   total 262144K, used 16029K [0x00000000e0000000, 0x0000000100000000)
  region size 1024K, 3 young (3072K), 3 survivors (3072K)
 Metaspace       used 18695K, capacity 19123K, committed 19328K, reserved 272384K
  class space    used 2253K, capacity 2380K, committed 2432K, reserved 253952K
}
Event: 2.715 GC heap before
{Heap before GC invocations=4 (full 0):
 garbage-first heap   total 262144K, used 24221K [0x00000000e0000000, 0x0000000100000000)
  region size 1024K, 13 young (13312K), 3 survivors (3072K)
 Metaspace       used 20557K, capacity 21070K, committed 21248K, reserved 272384K
  class space    used 2517K, capacity 2693K, committed 2816K, reserved 253952K
}
Event: 2.721 GC heap after
{Heap after GC invocations=5 (full 0):
 garbage-first heap   total 262144K, used 16461K [0x00000000e0000000, 0x0000000100000000)
  region size 1024K, 4 young (4096K), 4 survivors (4096K)
 Metaspace       used 20557K, capacity 21070K, committed 21248K, reserved 272384K
  class space    used 2517K, capacity 2693K, committed 2816K, reserved 253952K
}
Event: 3.619 GC heap before
{Heap before GC invocations=6 (full 0):
 garbage-first heap   total 262144K, used 79949K [0x00000000e0000000, 0x0000000100000000)
  region size 1024K, 58 young (59392K), 4 survivors (4096K)
 Metaspace       used 26544K, capacity 27358K, committed 27648K, reserved 278528K
  class space    used 3465K, capacity 3751K, committed 3840K, reserved 253952K
}
Event: 3.627 GC heap after
{Heap after GC invocations=7 (full 0):
 garbage-first heap   total 262144K, used 29822K [0x00000000e0000000, 0x0000000100000000)
  region size 1024K, 8 young (8192K), 8 survivors (8192K)
 Metaspace       used 26544K, capacity 27358K, committed 27648K, reserved 278528K
  class space    used 3465K, capacity 3751K, committed 3840K, reserved 253952K
}
Event: 4.449 GC heap before
{Heap before GC invocations=7 (full 0):
 garbage-first heap   total 262144K, used 75902K [0x00000000e0000000, 0x0000000100000000)
  region size 1024K, 55 young (56320K), 8 survivors (8192K)
 Metaspace       used 35011K, capacity 35798K, committed 35840K, reserved 286720K
  class space    used 4538K, capacity 4863K, committed 4864K, reserved 253952K
}
Event: 4.463 GC heap after
{Heap after GC invocations=8 (full 0):
 garbage-first heap   total 262144K, used 32604K [0x00000000e0000000, 0x0000000100000000)
  region size 1024K, 10 young (10240K), 10 survivors (10240K)
 Metaspace       used 35011K, capacity 35798K, committed 35840K, reserved 286720K
  class space    used 4538K, capacity 4863K, committed 4864K, reserved 253952K
}
Event: 6.549 GC heap before
{Heap before GC invocations=9 (full 0):
 garbage-first heap   total 262144K, used 185180K [0x00000000e0000000, 0x0000000100000000)
  region size 1024K, 153 young (156672K), 10 survivors (10240K)
 Metaspace       used 40236K, capacity 41185K, committed 41292K, reserved 290816K
  class space    used 5106K, capacity 5437K, committed 5452K, reserved 253952K
}
Event: 6.569 GC heap after
{Heap after GC invocations=10 (full 0):
 garbage-first heap   total 262144K, used 47395K [0x00000000e0000000, 0x0000000100000000)
  region size 1024K, 20 young (20480K), 20 survivors (20480K)
 Metaspace       used 40236K, capacity 41185K, committed 41292K, reserved 290816K
  class space    used 5106K, capacity 5437K, committed 5452K, reserved 253952K
}

