# JRE version: OpenJDK Runtime Environment JBR-11.0.8.10-944.31-jcef (11.0.8+10) (build 11.0.8+10-b944.31)
# Java VM: OpenJDK 64-Bit Server VM JBR-11.0.8.10-944.31-jcef (11.0.8+10-b944.31, mixed mode, tiered, compressed oops, g1 gc, windows-amd64)
Heap:
 garbage-first heap   total 1073152K, used 161792K [0x0000000741a00000, 0x0000000800000000)
  region size 1024K, 4 young (4096K), 4 survivors (4096K)
 Metaspace       used 7711K, capacity 7814K, committed 7936K, reserved 1056768K
  class space    used 682K, capacity 707K, committed 768K, reserved 1048576K
GC Heap History (17 events):
Event: 0.477 GC heap before
{Heap before GC invocations=0 (full 0):
 garbage-first heap   total 196608K, used 16384K [0x0000000741a00000, 0x0000000800000000)
  region size 1024K, 14 young (14336K), 0 survivors (0K)
 Metaspace       used 6637K, capacity 6727K, committed 6784K, reserved 1056768K
  class space    used 583K, capacity 602K, committed 640K, reserved 1048576K
}
Event: 0.498 GC heap after
{Heap after GC invocations=1 (full 0):
 garbage-first heap   total 196608K, used 14046K [0x0000000741a00000, 0x0000000800000000)
  region size 1024K, 2 young (2048K), 2 survivors (2048K)
 Metaspace       used 6637K, capacity 6727K, committed 6784K, reserved 1056768K
  class space    used 583K, capacity 602K, committed 640K, reserved 1048576K
}
Event: 0.523 GC heap before
{Heap before GC invocations=1 (full 0):
 garbage-first heap   total 196608K, used 23262K [0x0000000741a00000, 0x0000000800000000)
  region size 1024K, 9 young (9216K), 2 survivors (2048K)
 Metaspace       used 6677K, capacity 6727K, committed 6784K, reserved 1056768K
  class space    used 583K, capacity 602K, committed 640K, reserved 1048576K
}
Event: 0.535 GC heap after
{Heap after GC invocations=2 (full 0):
 garbage-first heap   total 196608K, used 23507K [0x0000000741a00000, 0x0000000800000000)
  region size 1024K, 2 young (2048K), 2 survivors (2048K)
 Metaspace       used 6677K, capacity 6727K, committed 6784K, reserved 1056768K
  class space    used 583K, capacity 602K, committed 640K, reserved 1048576K
}
Event: 0.576 GC heap before
{Heap before GC invocations=2 (full 0):
 garbage-first heap   total 196608K, used 38867K [0x0000000741a00000, 0x0000000800000000)
  region size 1024K, 14 young (14336K), 2 survivors (2048K)
 Metaspace       used 6677K, capacity 6727K, committed 6784K, reserved 1056768K
  class space    used 583K, capacity 602K, committed 640K, reserved 1048576K
}
Event: 0.596 GC heap after
{Heap after GC invocations=3 (full 0):
 garbage-first heap   total 196608K, used 39297K [0x0000000741a00000, 0x0000000800000000)
  region size 1024K, 2 young (2048K), 2 survivors (2048K)
 Metaspace       used 6677K, capacity 6727K, committed 6784K, reserved 1056768K
  class space    used 583K, capacity 602K, committed 640K, reserved 1048576K
}
Event: 0.645 GC heap before
{Heap before GC invocations=3 (full 0):
 garbage-first heap   total 196608K, used 63873K [0x0000000741a00000, 0x0000000800000000)
  region size 1024K, 22 young (22528K), 2 survivors (2048K)
 Metaspace       used 6677K, capacity 6727K, committed 6784K, reserved 1056768K
  class space    used 583K, capacity 602K, committed 640K, reserved 1048576K
}
Event: 0.669 GC heap after
{Heap after GC invocations=4 (full 0):
 garbage-first heap   total 196608K, used 65024K [0x0000000741a00000, 0x0000000800000000)
  region size 1024K, 3 young (3072K), 3 survivors (3072K)
 Metaspace       used 6677K, capacity 6727K, committed 6784K, reserved 1056768K
  class space    used 583K, capacity 602K, committed 640K, reserved 1048576K
}
Event: 0.821 GC heap before
{Heap before GC invocations=4 (full 0):
 garbage-first heap   total 196608K, used 93696K [0x0000000741a00000, 0x0000000800000000)
  region size 1024K, 27 young (27648K), 3 survivors (3072K)
 Metaspace       used 6726K, capacity 6861K, committed 7040K, reserved 1056768K
  class space    used 587K, capacity 604K, committed 640K, reserved 1048576K
}
Event: 0.852 GC heap after
{Heap after GC invocations=5 (full 0):
 garbage-first heap   total 393216K, used 90112K [0x0000000741a00000, 0x0000000800000000)
  region size 1024K, 4 young (4096K), 4 survivors (4096K)
 Metaspace       used 6726K, capacity 6861K, committed 7040K, reserved 1056768K
  class space    used 587K, capacity 604K, committed 640K, reserved 1048576K
}
Event: 1.025 GC heap before
{Heap before GC invocations=5 (full 0):
 garbage-first heap   total 393216K, used 113664K [0x0000000741a00000, 0x0000000800000000)
  region size 1024K, 26 young (26624K), 4 survivors (4096K)
 Metaspace       used 7710K, capacity 7814K, committed 7936K, reserved 1056768K
  class space    used 682K, capacity 707K, committed 768K, reserved 1048576K
}
Event: 1.048 GC heap after
{Heap after GC invocations=6 (full 0):
 garbage-first heap   total 393216K, used 102400K [0x0000000741a00000, 0x0000000800000000)
  region size 1024K, 4 young (4096K), 4 survivors (4096K)
 Metaspace       used 7710K, capacity 7814K, committed 7936K, reserved 1056768K
  class space    used 682K, capacity 707K, committed 768K, reserved 1048576K
}
Event: 1.218 GC heap before
{Heap before GC invocations=6 (full 0):
 garbage-first heap   total 393216K, used 140288K [0x0000000741a00000, 0x0000000800000000)
  region size 1024K, 39 young (39936K), 4 survivors (4096K)
 Metaspace       used 7711K, capacity 7814K, committed 7936K, reserved 1056768K
  class space    used 682K, capacity 707K, committed 768K, reserved 1048576K
}
Event: 1.272 GC heap after
{Heap after GC invocations=7 (full 0):
 garbage-first heap   total 393216K, used 125440K [0x0000000741a00000, 0x0000000800000000)
  region size 1024K, 5 young (5120K), 5 survivors (5120K)
 Metaspace       used 7711K, capacity 7814K, committed 7936K, reserved 1056768K
  class space    used 682K, capacity 707K, committed 768K, reserved 1048576K
}
Event: 1.379 GC heap before
{Heap before GC invocations=7 (full 0):
 garbage-first heap   total 393216K, used 156160K [0x0000000741a00000, 0x0000000800000000)
  region size 1024K, 31 young (31744K), 5 survivors (5120K)
 Metaspace       used 7711K, capacity 7814K, committed 7936K, reserved 1056768K
  class space    used 682K, capacity 707K, committed 768K, reserved 1048576K
}
Event: 1.418 GC heap after
{Heap after GC invocations=8 (full 0):
 garbage-first heap   total 393216K, used 145920K [0x0000000741a00000, 0x0000000800000000)
  region size 1024K, 4 young (4096K), 4 survivors (4096K)
 Metaspace       used 7711K, capacity 7814K, committed 7936K, reserved 1056768K
  class space    used 682K, capacity 707K, committed 768K, reserved 1048576K
}
Event: 1.482 GC heap before
{Heap before GC invocations=8 (full 0):
 garbage-first heap   total 393216K, used 171520K [0x0000000741a00000, 0x0000000800000000)
  region size 1024K, 29 young (29696K), 4 survivors (4096K)
 Metaspace       used 7711K, capacity 7814K, committed 7936K, reserved 1056768K
  class space    used 682K, capacity 707K, committed 768K, reserved 1048576K
}

