# JRE version: OpenJDK Runtime Environment JBR-11.0.8.10-944.31-jcef (11.0.8+10) (build 11.0.8+10-b944.31)
# Java VM: OpenJDK 64-Bit Server VM JBR-11.0.8.10-944.31-jcef (11.0.8+10-b944.31, mixed mode, tiered, compressed oops, g1 gc, windows-amd64)
Heap:
 garbage-first heap   total 262144K, used 181709K [0x00000000e0000000, 0x0000000100000000)
  region size 1024K, 99 young (101376K), 10 survivors (10240K)
 Metaspace       used 73639K, capacity 76074K, committed 76320K, reserved 321536K
  class space    used 9170K, capacity 9960K, committed 10016K, reserved 253952K
GC Heap History (20 events):
Event: 16.701 GC heap before
{Heap before GC invocations=24 (full 0):
 garbage-first heap   total 262144K, used 192000K [0x00000000e0000000, 0x0000000100000000)
  region size 1024K, 86 young (88064K), 14 survivors (14336K)
 Metaspace       used 40416K, capacity 41384K, committed 41676K, reserved 290816K
  class space    used 5129K, capacity 5481K, committed 5580K, reserved 253952K
}
Event: 16.710 GC heap after
{Heap after GC invocations=25 (full 0):
 garbage-first heap   total 262144K, used 132608K [0x00000000e0000000, 0x0000000100000000)
  region size 1024K, 11 young (11264K), 11 survivors (11264K)
 Metaspace       used 40416K, capacity 41384K, committed 41676K, reserved 290816K
  class space    used 5129K, capacity 5481K, committed 5580K, reserved 253952K
}
Event: 16.876 GC heap before
{Heap before GC invocations=25 (full 0):
 garbage-first heap   total 262144K, used 192000K [0x00000000e0000000, 0x0000000100000000)
  region size 1024K, 69 young (70656K), 11 survivors (11264K)
 Metaspace       used 40418K, capacity 41384K, committed 41676K, reserved 290816K
  class space    used 5129K, capacity 5481K, committed 5580K, reserved 253952K
}
Event: 16.886 GC heap after
{Heap after GC invocations=26 (full 0):
 garbage-first heap   total 262144K, used 154112K [0x00000000e0000000, 0x0000000100000000)
  region size 1024K, 9 young (9216K), 9 survivors (9216K)
 Metaspace       used 40418K, capacity 41384K, committed 41676K, reserved 290816K
  class space    used 5129K, capacity 5481K, committed 5580K, reserved 253952K
}
Event: 17.471 GC heap before
{Heap before GC invocations=27 (full 0):
 garbage-first heap   total 262144K, used 193024K [0x00000000e0000000, 0x0000000100000000)
  region size 1024K, 54 young (55296K), 9 survivors (9216K)
 Metaspace       used 42333K, capacity 43281K, committed 43596K, reserved 292864K
  class space    used 5306K, capacity 5643K, committed 5708K, reserved 253952K
}
Event: 17.476 GC heap after
{Heap after GC invocations=28 (full 0):
 garbage-first heap   total 262144K, used 139776K [0x00000000e0000000, 0x0000000100000000)
  region size 1024K, 3 young (3072K), 3 survivors (3072K)
 Metaspace       used 42333K, capacity 43281K, committed 43596K, reserved 292864K
  class space    used 5306K, capacity 5643K, committed 5708K, reserved 253952K
}
Event: 17.643 GC heap before
{Heap before GC invocations=28 (full 0):
 garbage-first heap   total 262144K, used 147968K [0x00000000e0000000, 0x0000000100000000)
  region size 1024K, 12 young (12288K), 3 survivors (3072K)
 Metaspace       used 43132K, capacity 44081K, committed 44236K, reserved 292864K
  class space    used 5395K, capacity 5739K, committed 5836K, reserved 253952K
}
Event: 17.647 GC heap after
{Heap after GC invocations=29 (full 0):
 garbage-first heap   total 262144K, used 114877K [0x00000000e0000000, 0x0000000100000000)
  region size 1024K, 2 young (2048K), 2 survivors (2048K)
 Metaspace       used 43132K, capacity 44081K, committed 44236K, reserved 292864K
  class space    used 5395K, capacity 5739K, committed 5836K, reserved 253952K
}
Event: 17.850 GC heap before
{Heap before GC invocations=29 (full 0):
 garbage-first heap   total 262144K, used 124093K [0x00000000e0000000, 0x0000000100000000)
  region size 1024K, 12 young (12288K), 2 survivors (2048K)
 Metaspace       used 44248K, capacity 45327K, committed 45644K, reserved 294912K
  class space    used 5509K, capacity 5893K, committed 5964K, reserved 253952K
}
Event: 17.856 GC heap after
{Heap after GC invocations=30 (full 0):
 garbage-first heap   total 262144K, used 102839K [0x00000000e0000000, 0x0000000100000000)
  region size 1024K, 2 young (2048K), 2 survivors (2048K)
 Metaspace       used 44248K, capacity 45327K, committed 45644K, reserved 294912K
  class space    used 5509K, capacity 5893K, committed 5964K, reserved 253952K
}
Event: 19.187 GC heap before
{Heap before GC invocations=30 (full 0):
 garbage-first heap   total 262144K, used 183735K [0x00000000e0000000, 0x0000000100000000)
  region size 1024K, 77 young (78848K), 2 survivors (2048K)
 Metaspace       used 50088K, capacity 51449K, committed 51660K, reserved 299008K
  class space    used 6340K, capacity 6814K, committed 6860K, reserved 253952K
}
Event: 19.200 GC heap after
{Heap after GC invocations=31 (full 0):
 garbage-first heap   total 262144K, used 113180K [0x00000000e0000000, 0x0000000100000000)
  region size 1024K, 8 young (8192K), 8 survivors (8192K)
 Metaspace       used 50088K, capacity 51449K, committed 51660K, reserved 299008K
  class space    used 6340K, capacity 6814K, committed 6860K, reserved 253952K
}
Event: 20.366 GC heap before
{Heap before GC invocations=31 (full 0):
 garbage-first heap   total 262144K, used 188956K [0x00000000e0000000, 0x0000000100000000)
  region size 1024K, 82 young (83968K), 8 survivors (8192K)
 Metaspace       used 52937K, capacity 54581K, committed 54732K, reserved 303104K
  class space    used 6712K, capacity 7285K, committed 7372K, reserved 253952K
}
Event: 20.397 GC heap after
{Heap after GC invocations=32 (full 0):
 garbage-first heap   total 262144K, used 124179K [0x00000000e0000000, 0x0000000100000000)
  region size 1024K, 11 young (11264K), 11 survivors (11264K)
 Metaspace       used 52937K, capacity 54581K, committed 54732K, reserved 303104K
  class space    used 6712K, capacity 7285K, committed 7372K, reserved 253952K
}
Event: 21.701 GC heap before
{Heap before GC invocations=32 (full 0):
 garbage-first heap   total 262144K, used 195859K [0x00000000e0000000, 0x0000000100000000)
  region size 1024K, 81 young (82944K), 11 survivors (11264K)
 Metaspace       used 60045K, capacity 62007K, committed 62156K, reserved 309248K
  class space    used 7675K, capacity 8301K, committed 8396K, reserved 253952K
}
Event: 21.725 GC heap after
{Heap after GC invocations=33 (full 0):
 garbage-first heap   total 262144K, used 128748K [0x00000000e0000000, 0x0000000100000000)
  region size 1024K, 5 young (5120K), 5 survivors (5120K)
 Metaspace       used 60045K, capacity 62007K, committed 62156K, reserved 309248K
  class space    used 7675K, capacity 8301K, committed 8396K, reserved 253952K
}
Event: 23.110 GC heap before
{Heap before GC invocations=33 (full 0):
 garbage-first heap   total 262144K, used 160492K [0x00000000e0000000, 0x0000000100000000)
  region size 1024K, 37 young (37888K), 5 survivors (5120K)
 Metaspace       used 67387K, capacity 69424K, committed 69452K, reserved 315392K
  class space    used 8583K, capacity 9280K, committed 9292K, reserved 253952K
}
Event: 23.128 GC heap after
{Heap after GC invocations=34 (full 0):
 garbage-first heap   total 262144K, used 131621K [0x00000000e0000000, 0x0000000100000000)
  region size 1024K, 8 young (8192K), 8 survivors (8192K)
 Metaspace       used 67387K, capacity 69424K, committed 69452K, reserved 315392K
  class space    used 8583K, capacity 9280K, committed 9292K, reserved 253952K
}
Event: 24.579 GC heap before
{Heap before GC invocations=35 (full 0):
 garbage-first heap   total 262144K, used 153125K [0x00000000e0000000, 0x0000000100000000)
  region size 1024K, 75 young (76800K), 8 survivors (8192K)
 Metaspace       used 69277K, capacity 71393K, committed 71712K, reserved 317440K
  class space    used 8683K, capacity 9386K, committed 9504K, reserved 253952K
}
Event: 24.610 GC heap after
{Heap after GC invocations=36 (full 0):
 garbage-first heap   total 262144K, used 91597K [0x00000000e0000000, 0x0000000100000000)
  region size 1024K, 10 young (10240K), 10 survivors (10240K)
 Metaspace       used 69277K, capacity 71393K, committed 71712K, reserved 317440K
  class space    used 8683K, capacity 9386K, committed 9504K, reserved 253952K
}

