# JRE version: OpenJDK Runtime Environment JBR-11.0.8.10-944.31-jcef (11.0.8+10) (build 11.0.8+10-b944.31)
# Java VM: OpenJDK 64-Bit Server VM JBR-11.0.8.10-944.31-jcef (11.0.8+10-b944.31, mixed mode, tiered, compressed oops, g1 gc, windows-amd64)
Heap:
 garbage-first heap   total 1112064K, used 157184K [0x0000000741a00000, 0x0000000800000000)
  region size 1024K, 4 young (4096K), 4 survivors (4096K)
 Metaspace       used 7710K, capacity 7818K, committed 7936K, reserved 1056768K
  class space    used 680K, capacity 707K, committed 768K, reserved 1048576K
GC Heap History (17 events):
Event: 0.447 GC heap before
{Heap before GC invocations=0 (full 0):
 garbage-first heap   total 196608K, used 16384K [0x0000000741a00000, 0x0000000800000000)
  region size 1024K, 14 young (14336K), 0 survivors (0K)
 Metaspace       used 6646K, capacity 6731K, committed 6784K, reserved 1056768K
  class space    used 582K, capacity 602K, committed 640K, reserved 1048576K
}
Event: 0.469 GC heap after
{Heap after GC invocations=1 (full 0):
 garbage-first heap   total 196608K, used 14046K [0x0000000741a00000, 0x0000000800000000)
  region size 1024K, 2 young (2048K), 2 survivors (2048K)
 Metaspace       used 6646K, capacity 6731K, committed 6784K, reserved 1056768K
  class space    used 582K, capacity 602K, committed 640K, reserved 1048576K
}
Event: 0.498 GC heap before
{Heap before GC invocations=1 (full 0):
 garbage-first heap   total 196608K, used 23262K [0x0000000741a00000, 0x0000000800000000)
  region size 1024K, 9 young (9216K), 2 survivors (2048K)
 Metaspace       used 6676K, capacity 6731K, committed 6784K, reserved 1056768K
  class space    used 582K, capacity 602K, committed 640K, reserved 1048576K
}
Event: 0.512 GC heap after
{Heap after GC invocations=2 (full 0):
 garbage-first heap   total 196608K, used 23552K [0x0000000741a00000, 0x0000000800000000)
  region size 1024K, 2 young (2048K), 2 survivors (2048K)
 Metaspace       used 6676K, capacity 6731K, committed 6784K, reserved 1056768K
  class space    used 582K, capacity 602K, committed 640K, reserved 1048576K
}
Event: 0.545 GC heap before
{Heap before GC invocations=2 (full 0):
 garbage-first heap   total 196608K, used 38912K [0x0000000741a00000, 0x0000000800000000)
  region size 1024K, 14 young (14336K), 2 survivors (2048K)
 Metaspace       used 6676K, capacity 6731K, committed 6784K, reserved 1056768K
  class space    used 582K, capacity 602K, committed 640K, reserved 1048576K
}
Event: 0.563 GC heap after
{Heap after GC invocations=3 (full 0):
 garbage-first heap   total 196608K, used 39297K [0x0000000741a00000, 0x0000000800000000)
  region size 1024K, 2 young (2048K), 2 survivors (2048K)
 Metaspace       used 6676K, capacity 6731K, committed 6784K, reserved 1056768K
  class space    used 582K, capacity 602K, committed 640K, reserved 1048576K
}
Event: 0.626 GC heap before
{Heap before GC invocations=3 (full 0):
 garbage-first heap   total 196608K, used 63873K [0x0000000741a00000, 0x0000000800000000)
  region size 1024K, 22 young (22528K), 2 survivors (2048K)
 Metaspace       used 6676K, capacity 6731K, committed 6784K, reserved 1056768K
  class space    used 582K, capacity 602K, committed 640K, reserved 1048576K
}
Event: 0.660 GC heap after
{Heap after GC invocations=4 (full 0):
 garbage-first heap   total 196608K, used 65024K [0x0000000741a00000, 0x0000000800000000)
  region size 1024K, 3 young (3072K), 3 survivors (3072K)
 Metaspace       used 6676K, capacity 6731K, committed 6784K, reserved 1056768K
  class space    used 582K, capacity 602K, committed 640K, reserved 1048576K
}
Event: 0.805 GC heap before
{Heap before GC invocations=4 (full 0):
 garbage-first heap   total 196608K, used 92672K [0x0000000741a00000, 0x0000000800000000)
  region size 1024K, 26 young (26624K), 3 survivors (3072K)
 Metaspace       used 6724K, capacity 6865K, committed 7040K, reserved 1056768K
  class space    used 585K, capacity 604K, committed 640K, reserved 1048576K
}
Event: 0.838 GC heap after
{Heap after GC invocations=5 (full 0):
 garbage-first heap   total 418816K, used 89600K [0x0000000741a00000, 0x0000000800000000)
  region size 1024K, 4 young (4096K), 4 survivors (4096K)
 Metaspace       used 6724K, capacity 6865K, committed 7040K, reserved 1056768K
  class space    used 585K, capacity 604K, committed 640K, reserved 1048576K
}
Event: 1.023 GC heap before
{Heap before GC invocations=5 (full 0):
 garbage-first heap   total 418816K, used 111104K [0x0000000741a00000, 0x0000000800000000)
  region size 1024K, 24 young (24576K), 4 survivors (4096K)
 Metaspace       used 6733K, capacity 6865K, committed 7040K, reserved 1056768K
  class space    used 585K, capacity 604K, committed 640K, reserved 1048576K
}
Event: 1.054 GC heap after
{Heap after GC invocations=6 (full 0):
 garbage-first heap   total 418816K, used 101888K [0x0000000741a00000, 0x0000000800000000)
  region size 1024K, 3 young (3072K), 3 survivors (3072K)
 Metaspace       used 6733K, capacity 6865K, committed 7040K, reserved 1056768K
  class space    used 585K, capacity 604K, committed 640K, reserved 1048576K
}
Event: 1.191 GC heap before
{Heap before GC invocations=6 (full 0):
 garbage-first heap   total 418816K, used 138752K [0x0000000741a00000, 0x0000000800000000)
  region size 1024K, 37 young (37888K), 3 survivors (3072K)
 Metaspace       used 7710K, capacity 7818K, committed 7936K, reserved 1056768K
  class space    used 680K, capacity 707K, committed 768K, reserved 1048576K
}
Event: 1.235 GC heap after
{Heap after GC invocations=7 (full 0):
 garbage-first heap   total 418816K, used 124416K [0x0000000741a00000, 0x0000000800000000)
  region size 1024K, 5 young (5120K), 5 survivors (5120K)
 Metaspace       used 7710K, capacity 7818K, committed 7936K, reserved 1056768K
  class space    used 680K, capacity 707K, committed 768K, reserved 1048576K
}
Event: 1.359 GC heap before
{Heap before GC invocations=7 (full 0):
 garbage-first heap   total 418816K, used 148992K [0x0000000741a00000, 0x0000000800000000)
  region size 1024K, 25 young (25600K), 5 survivors (5120K)
 Metaspace       used 7710K, capacity 7818K, committed 7936K, reserved 1056768K
  class space    used 680K, capacity 707K, committed 768K, reserved 1048576K
}
Event: 1.394 GC heap after
{Heap after GC invocations=8 (full 0):
 garbage-first heap   total 418816K, used 140800K [0x0000000741a00000, 0x0000000800000000)
  region size 1024K, 4 young (4096K), 4 survivors (4096K)
 Metaspace       used 7710K, capacity 7818K, committed 7936K, reserved 1056768K
  class space    used 680K, capacity 707K, committed 768K, reserved 1048576K
}
Event: 1.471 GC heap before
{Heap before GC invocations=8 (full 0):
 garbage-first heap   total 418816K, used 168448K [0x0000000741a00000, 0x0000000800000000)
  region size 1024K, 31 young (31744K), 4 survivors (4096K)
 Metaspace       used 7710K, capacity 7818K, committed 7936K, reserved 1056768K
  class space    used 680K, capacity 707K, committed 768K, reserved 1048576K
}

